DEBUG:passlib.registry:registered 'bcrypt' handler: <class 'passlib.handlers.bcrypt.bcrypt'>
DEBUG:passlib.registry:registered 'des_crypt' handler: <class 'passlib.handlers.des_crypt.des_crypt'>
DEBUG:passlib.registry:registered 'pbkdf2_sha256' handler: <class 'passlib.handlers.pbkdf2.pbkdf2_sha256'>
DEBUG:passlib.registry:registered 'pbkdf2_sha512' handler: <class 'passlib.handlers.pbkdf2.pbkdf2_sha512'>
DEBUG:passlib.registry:registered 'sha256_crypt' handler: <class 'passlib.handlers.sha2_crypt.sha256_crypt'>
DEBUG:passlib.registry:registered 'sha512_crypt' handler: <class 'passlib.handlers.sha2_crypt.sha512_crypt'>
DEBUG:passlib.registry:registered 'plaintext' handler: <class 'passlib.handlers.misc.plaintext'>
DEBUG:passlib.registry:registered 'hex_md5' handler: <class 'passlib.handlers.digests.hex_md5'>
INFO:werkzeug: * Restarting with stat
DEBUG:passlib.registry:registered 'bcrypt' handler: <class 'passlib.handlers.bcrypt.bcrypt'>
DEBUG:passlib.registry:registered 'des_crypt' handler: <class 'passlib.handlers.des_crypt.des_crypt'>
DEBUG:passlib.registry:registered 'pbkdf2_sha256' handler: <class 'passlib.handlers.pbkdf2.pbkdf2_sha256'>
DEBUG:passlib.registry:registered 'pbkdf2_sha512' handler: <class 'passlib.handlers.pbkdf2.pbkdf2_sha512'>
DEBUG:passlib.registry:registered 'sha256_crypt' handler: <class 'passlib.handlers.sha2_crypt.sha256_crypt'>
DEBUG:passlib.registry:registered 'sha512_crypt' handler: <class 'passlib.handlers.sha2_crypt.sha512_crypt'>
DEBUG:passlib.registry:registered 'plaintext' handler: <class 'passlib.handlers.misc.plaintext'>
DEBUG:passlib.registry:registered 'hex_md5' handler: <class 'passlib.handlers.digests.hex_md5'>
WARNING:werkzeug: * Debugger is active!
INFO:werkzeug: * Debugger PIN: 111-002-112
WARNING:werkzeug: * Running on all addresses.
   WARNING: This is a development server. Do not use it in a production deployment.
INFO:werkzeug: * Running on http://192.168.35.100:80/ (Press CTRL+C to quit)
INFO:root:20211107_23:24:38 / {'user_id': 'T@T.T', 'season_cd': 'A'} / BEFORE_REQUEST
INFO:root:20211107_23:24:40 / <Response 1584 bytes [200 OK]> / AFTER_REQUEST
INFO:werkzeug:127.0.0.1 - - [07/Nov/2021 23:24:40] "POST /Beacon/pointSelect HTTP/1.1" 200 -
INFO:werkzeug: * Detected change in 'C:\\Users\\nmh88\\Desktop\\PythonWorkspace\\FlaskApi\\app.py', reloading
INFO:werkzeug: * Restarting with stat
DEBUG:passlib.registry:registered 'bcrypt' handler: <class 'passlib.handlers.bcrypt.bcrypt'>
DEBUG:passlib.registry:registered 'des_crypt' handler: <class 'passlib.handlers.des_crypt.des_crypt'>
DEBUG:passlib.registry:registered 'pbkdf2_sha256' handler: <class 'passlib.handlers.pbkdf2.pbkdf2_sha256'>
DEBUG:passlib.registry:registered 'pbkdf2_sha512' handler: <class 'passlib.handlers.pbkdf2.pbkdf2_sha512'>
DEBUG:passlib.registry:registered 'sha256_crypt' handler: <class 'passlib.handlers.sha2_crypt.sha256_crypt'>
DEBUG:passlib.registry:registered 'sha512_crypt' handler: <class 'passlib.handlers.sha2_crypt.sha512_crypt'>
DEBUG:passlib.registry:registered 'plaintext' handler: <class 'passlib.handlers.misc.plaintext'>
DEBUG:passlib.registry:registered 'hex_md5' handler: <class 'passlib.handlers.digests.hex_md5'>
INFO:werkzeug: * Restarting with stat
DEBUG:passlib.registry:registered 'bcrypt' handler: <class 'passlib.handlers.bcrypt.bcrypt'>
DEBUG:passlib.registry:registered 'des_crypt' handler: <class 'passlib.handlers.des_crypt.des_crypt'>
DEBUG:passlib.registry:registered 'pbkdf2_sha256' handler: <class 'passlib.handlers.pbkdf2.pbkdf2_sha256'>
DEBUG:passlib.registry:registered 'pbkdf2_sha512' handler: <class 'passlib.handlers.pbkdf2.pbkdf2_sha512'>
DEBUG:passlib.registry:registered 'sha256_crypt' handler: <class 'passlib.handlers.sha2_crypt.sha256_crypt'>
DEBUG:passlib.registry:registered 'sha512_crypt' handler: <class 'passlib.handlers.sha2_crypt.sha512_crypt'>
DEBUG:passlib.registry:registered 'plaintext' handler: <class 'passlib.handlers.misc.plaintext'>
DEBUG:passlib.registry:registered 'hex_md5' handler: <class 'passlib.handlers.digests.hex_md5'>
WARNING:werkzeug: * Debugger is active!
INFO:werkzeug: * Debugger PIN: 111-002-112
WARNING:werkzeug: * Running on all addresses.
   WARNING: This is a development server. Do not use it in a production deployment.
INFO:werkzeug: * Running on http://192.168.35.100:80/ (Press CTRL+C to quit)
INFO:werkzeug: * Detected change in 'C:\\Users\\nmh88\\Desktop\\PythonWorkspace\\FlaskApi\\app.py', reloading
INFO:werkzeug: * Restarting with stat
DEBUG:passlib.registry:registered 'bcrypt' handler: <class 'passlib.handlers.bcrypt.bcrypt'>
DEBUG:passlib.registry:registered 'des_crypt' handler: <class 'passlib.handlers.des_crypt.des_crypt'>
DEBUG:passlib.registry:registered 'pbkdf2_sha256' handler: <class 'passlib.handlers.pbkdf2.pbkdf2_sha256'>
DEBUG:passlib.registry:registered 'pbkdf2_sha512' handler: <class 'passlib.handlers.pbkdf2.pbkdf2_sha512'>
DEBUG:passlib.registry:registered 'sha256_crypt' handler: <class 'passlib.handlers.sha2_crypt.sha256_crypt'>
DEBUG:passlib.registry:registered 'sha512_crypt' handler: <class 'passlib.handlers.sha2_crypt.sha512_crypt'>
DEBUG:passlib.registry:registered 'plaintext' handler: <class 'passlib.handlers.misc.plaintext'>
DEBUG:passlib.registry:registered 'hex_md5' handler: <class 'passlib.handlers.digests.hex_md5'>
INFO:werkzeug: * Restarting with stat
DEBUG:passlib.registry:registered 'bcrypt' handler: <class 'passlib.handlers.bcrypt.bcrypt'>
DEBUG:passlib.registry:registered 'des_crypt' handler: <class 'passlib.handlers.des_crypt.des_crypt'>
DEBUG:passlib.registry:registered 'pbkdf2_sha256' handler: <class 'passlib.handlers.pbkdf2.pbkdf2_sha256'>
DEBUG:passlib.registry:registered 'pbkdf2_sha512' handler: <class 'passlib.handlers.pbkdf2.pbkdf2_sha512'>
DEBUG:passlib.registry:registered 'sha256_crypt' handler: <class 'passlib.handlers.sha2_crypt.sha256_crypt'>
DEBUG:passlib.registry:registered 'sha512_crypt' handler: <class 'passlib.handlers.sha2_crypt.sha512_crypt'>
DEBUG:passlib.registry:registered 'plaintext' handler: <class 'passlib.handlers.misc.plaintext'>
DEBUG:passlib.registry:registered 'hex_md5' handler: <class 'passlib.handlers.digests.hex_md5'>
WARNING:werkzeug: * Debugger is active!
INFO:werkzeug: * Debugger PIN: 111-002-112
WARNING:werkzeug: * Running on all addresses.
   WARNING: This is a development server. Do not use it in a production deployment.
INFO:werkzeug: * Running on http://192.168.35.100:80/ (Press CTRL+C to quit)
INFO:root:20211107_23:26:32 / <Request 'http://localhost/Beacon/pointSelect' [POST]> / {'user_id': 'T@T.T', 'season_cd': 'A'} / BEFORE_REQUEST
INFO:werkzeug:127.0.0.1 - - [07/Nov/2021 23:26:34] "[35m[1mPOST /Beacon/pointSelect HTTP/1.1[0m" 500 -
INFO:werkzeug: * Detected change in 'C:\\Users\\nmh88\\Desktop\\PythonWorkspace\\FlaskApi\\log.py', reloading
INFO:werkzeug: * Restarting with stat
DEBUG:passlib.registry:registered 'bcrypt' handler: <class 'passlib.handlers.bcrypt.bcrypt'>
DEBUG:passlib.registry:registered 'des_crypt' handler: <class 'passlib.handlers.des_crypt.des_crypt'>
DEBUG:passlib.registry:registered 'pbkdf2_sha256' handler: <class 'passlib.handlers.pbkdf2.pbkdf2_sha256'>
DEBUG:passlib.registry:registered 'pbkdf2_sha512' handler: <class 'passlib.handlers.pbkdf2.pbkdf2_sha512'>
DEBUG:passlib.registry:registered 'sha256_crypt' handler: <class 'passlib.handlers.sha2_crypt.sha256_crypt'>
DEBUG:passlib.registry:registered 'sha512_crypt' handler: <class 'passlib.handlers.sha2_crypt.sha512_crypt'>
DEBUG:passlib.registry:registered 'plaintext' handler: <class 'passlib.handlers.misc.plaintext'>
DEBUG:passlib.registry:registered 'hex_md5' handler: <class 'passlib.handlers.digests.hex_md5'>
WARNING:werkzeug: * Debugger is active!
INFO:werkzeug: * Debugger PIN: 111-002-112
WARNING:werkzeug: * Running on all addresses.
   WARNING: This is a development server. Do not use it in a production deployment.
INFO:werkzeug: * Running on http://192.168.35.100:80/ (Press CTRL+C to quit)
INFO:werkzeug: * Detected change in 'C:\\Users\\nmh88\\Desktop\\PythonWorkspace\\FlaskApi\\log.py', reloading
INFO:werkzeug: * Restarting with stat
DEBUG:passlib.registry:registered 'bcrypt' handler: <class 'passlib.handlers.bcrypt.bcrypt'>
DEBUG:passlib.registry:registered 'des_crypt' handler: <class 'passlib.handlers.des_crypt.des_crypt'>
DEBUG:passlib.registry:registered 'pbkdf2_sha256' handler: <class 'passlib.handlers.pbkdf2.pbkdf2_sha256'>
DEBUG:passlib.registry:registered 'pbkdf2_sha512' handler: <class 'passlib.handlers.pbkdf2.pbkdf2_sha512'>
DEBUG:passlib.registry:registered 'sha256_crypt' handler: <class 'passlib.handlers.sha2_crypt.sha256_crypt'>
DEBUG:passlib.registry:registered 'sha512_crypt' handler: <class 'passlib.handlers.sha2_crypt.sha512_crypt'>
DEBUG:passlib.registry:registered 'plaintext' handler: <class 'passlib.handlers.misc.plaintext'>
DEBUG:passlib.registry:registered 'hex_md5' handler: <class 'passlib.handlers.digests.hex_md5'>
WARNING:werkzeug: * Debugger is active!
INFO:werkzeug: * Debugger PIN: 111-002-112
WARNING:werkzeug: * Running on all addresses.
   WARNING: This is a development server. Do not use it in a production deployment.
INFO:werkzeug: * Running on http://192.168.35.100:80/ (Press CTRL+C to quit)
INFO:werkzeug: * Detected change in 'C:\\Users\\nmh88\\Desktop\\PythonWorkspace\\FlaskApi\\app.py', reloading
INFO:werkzeug: * Restarting with stat
DEBUG:passlib.registry:registered 'bcrypt' handler: <class 'passlib.handlers.bcrypt.bcrypt'>
DEBUG:passlib.registry:registered 'des_crypt' handler: <class 'passlib.handlers.des_crypt.des_crypt'>
DEBUG:passlib.registry:registered 'pbkdf2_sha256' handler: <class 'passlib.handlers.pbkdf2.pbkdf2_sha256'>
DEBUG:passlib.registry:registered 'pbkdf2_sha512' handler: <class 'passlib.handlers.pbkdf2.pbkdf2_sha512'>
DEBUG:passlib.registry:registered 'sha256_crypt' handler: <class 'passlib.handlers.sha2_crypt.sha256_crypt'>
DEBUG:passlib.registry:registered 'sha512_crypt' handler: <class 'passlib.handlers.sha2_crypt.sha512_crypt'>
DEBUG:passlib.registry:registered 'plaintext' handler: <class 'passlib.handlers.misc.plaintext'>
DEBUG:passlib.registry:registered 'hex_md5' handler: <class 'passlib.handlers.digests.hex_md5'>
WARNING:werkzeug: * Debugger is active!
INFO:werkzeug: * Debugger PIN: 111-002-112
WARNING:werkzeug: * Running on all addresses.
   WARNING: This is a development server. Do not use it in a production deployment.
INFO:werkzeug: * Running on http://192.168.35.100:80/ (Press CTRL+C to quit)
INFO:werkzeug: * Detected change in 'C:\\Users\\nmh88\\Desktop\\PythonWorkspace\\FlaskApi\\app.py', reloading
INFO:werkzeug: * Restarting with stat
DEBUG:passlib.registry:registered 'bcrypt' handler: <class 'passlib.handlers.bcrypt.bcrypt'>
DEBUG:passlib.registry:registered 'des_crypt' handler: <class 'passlib.handlers.des_crypt.des_crypt'>
DEBUG:passlib.registry:registered 'pbkdf2_sha256' handler: <class 'passlib.handlers.pbkdf2.pbkdf2_sha256'>
DEBUG:passlib.registry:registered 'pbkdf2_sha512' handler: <class 'passlib.handlers.pbkdf2.pbkdf2_sha512'>
DEBUG:passlib.registry:registered 'sha256_crypt' handler: <class 'passlib.handlers.sha2_crypt.sha256_crypt'>
DEBUG:passlib.registry:registered 'sha512_crypt' handler: <class 'passlib.handlers.sha2_crypt.sha512_crypt'>
DEBUG:passlib.registry:registered 'plaintext' handler: <class 'passlib.handlers.misc.plaintext'>
DEBUG:passlib.registry:registered 'hex_md5' handler: <class 'passlib.handlers.digests.hex_md5'>
INFO:werkzeug: * Restarting with stat
DEBUG:passlib.registry:registered 'bcrypt' handler: <class 'passlib.handlers.bcrypt.bcrypt'>
DEBUG:passlib.registry:registered 'des_crypt' handler: <class 'passlib.handlers.des_crypt.des_crypt'>
DEBUG:passlib.registry:registered 'pbkdf2_sha256' handler: <class 'passlib.handlers.pbkdf2.pbkdf2_sha256'>
DEBUG:passlib.registry:registered 'pbkdf2_sha512' handler: <class 'passlib.handlers.pbkdf2.pbkdf2_sha512'>
DEBUG:passlib.registry:registered 'sha256_crypt' handler: <class 'passlib.handlers.sha2_crypt.sha256_crypt'>
DEBUG:passlib.registry:registered 'sha512_crypt' handler: <class 'passlib.handlers.sha2_crypt.sha512_crypt'>
DEBUG:passlib.registry:registered 'plaintext' handler: <class 'passlib.handlers.misc.plaintext'>
DEBUG:passlib.registry:registered 'hex_md5' handler: <class 'passlib.handlers.digests.hex_md5'>
WARNING:werkzeug: * Debugger is active!
INFO:werkzeug: * Debugger PIN: 111-002-112
WARNING:werkzeug: * Running on all addresses.
   WARNING: This is a development server. Do not use it in a production deployment.
INFO:werkzeug: * Running on http://192.168.35.100:80/ (Press CTRL+C to quit)
INFO:root:20211107_23:28:13 / <Request 'http://localhost/Beacon/pointSelect' [POST]> / {'user_id': 'T@T.T', 'season_cd': 'A'} / BEFORE_REQUEST
DEBUG:passlib.registry:registered 'bcrypt' handler: <class 'passlib.handlers.bcrypt.bcrypt'>
DEBUG:passlib.registry:registered 'des_crypt' handler: <class 'passlib.handlers.des_crypt.des_crypt'>
DEBUG:passlib.registry:registered 'pbkdf2_sha256' handler: <class 'passlib.handlers.pbkdf2.pbkdf2_sha256'>
DEBUG:passlib.registry:registered 'pbkdf2_sha512' handler: <class 'passlib.handlers.pbkdf2.pbkdf2_sha512'>
DEBUG:passlib.registry:registered 'sha256_crypt' handler: <class 'passlib.handlers.sha2_crypt.sha256_crypt'>
DEBUG:passlib.registry:registered 'sha512_crypt' handler: <class 'passlib.handlers.sha2_crypt.sha512_crypt'>
DEBUG:passlib.registry:registered 'plaintext' handler: <class 'passlib.handlers.misc.plaintext'>
DEBUG:passlib.registry:registered 'hex_md5' handler: <class 'passlib.handlers.digests.hex_md5'>
INFO:werkzeug: * Restarting with stat
DEBUG:passlib.registry:registered 'bcrypt' handler: <class 'passlib.handlers.bcrypt.bcrypt'>
DEBUG:passlib.registry:registered 'des_crypt' handler: <class 'passlib.handlers.des_crypt.des_crypt'>
DEBUG:passlib.registry:registered 'pbkdf2_sha256' handler: <class 'passlib.handlers.pbkdf2.pbkdf2_sha256'>
DEBUG:passlib.registry:registered 'pbkdf2_sha512' handler: <class 'passlib.handlers.pbkdf2.pbkdf2_sha512'>
DEBUG:passlib.registry:registered 'sha256_crypt' handler: <class 'passlib.handlers.sha2_crypt.sha256_crypt'>
DEBUG:passlib.registry:registered 'sha512_crypt' handler: <class 'passlib.handlers.sha2_crypt.sha512_crypt'>
DEBUG:passlib.registry:registered 'plaintext' handler: <class 'passlib.handlers.misc.plaintext'>
DEBUG:passlib.registry:registered 'hex_md5' handler: <class 'passlib.handlers.digests.hex_md5'>
WARNING:werkzeug: * Debugger is active!
INFO:werkzeug: * Debugger PIN: 111-002-112
WARNING:werkzeug: * Running on all addresses.
   WARNING: This is a development server. Do not use it in a production deployment.
INFO:werkzeug: * Running on http://192.168.35.100:80/ (Press CTRL+C to quit)
INFO:root:20211107_23:30:39 / <Request 'http://localhost/Beacon/pointSelect' [POST]> / {'user_id': 'T@T.T', 'season_cd': 'A'} / BEFORE_REQUEST
INFO:root:20211107_23:30:43 / <Response 1584 bytes [200 OK]> / AFTER_REQUEST 
INFO:werkzeug:127.0.0.1 - - [07/Nov/2021 23:30:43] "POST /Beacon/pointSelect HTTP/1.1" 200 -
INFO:werkzeug: * Detected change in 'C:\\Users\\nmh88\\Desktop\\PythonWorkspace\\FlaskApi\\app.py', reloading
DEBUG:passlib.registry:registered 'bcrypt' handler: <class 'passlib.handlers.bcrypt.bcrypt'>
DEBUG:passlib.registry:registered 'des_crypt' handler: <class 'passlib.handlers.des_crypt.des_crypt'>
DEBUG:passlib.registry:registered 'pbkdf2_sha256' handler: <class 'passlib.handlers.pbkdf2.pbkdf2_sha256'>
DEBUG:passlib.registry:registered 'pbkdf2_sha512' handler: <class 'passlib.handlers.pbkdf2.pbkdf2_sha512'>
DEBUG:passlib.registry:registered 'sha256_crypt' handler: <class 'passlib.handlers.sha2_crypt.sha256_crypt'>
DEBUG:passlib.registry:registered 'sha512_crypt' handler: <class 'passlib.handlers.sha2_crypt.sha512_crypt'>
DEBUG:passlib.registry:registered 'plaintext' handler: <class 'passlib.handlers.misc.plaintext'>
DEBUG:passlib.registry:registered 'hex_md5' handler: <class 'passlib.handlers.digests.hex_md5'>
INFO:werkzeug: * Restarting with stat
DEBUG:passlib.registry:registered 'bcrypt' handler: <class 'passlib.handlers.bcrypt.bcrypt'>
DEBUG:passlib.registry:registered 'des_crypt' handler: <class 'passlib.handlers.des_crypt.des_crypt'>
DEBUG:passlib.registry:registered 'pbkdf2_sha256' handler: <class 'passlib.handlers.pbkdf2.pbkdf2_sha256'>
DEBUG:passlib.registry:registered 'pbkdf2_sha512' handler: <class 'passlib.handlers.pbkdf2.pbkdf2_sha512'>
DEBUG:passlib.registry:registered 'sha256_crypt' handler: <class 'passlib.handlers.sha2_crypt.sha256_crypt'>
DEBUG:passlib.registry:registered 'sha512_crypt' handler: <class 'passlib.handlers.sha2_crypt.sha512_crypt'>
DEBUG:passlib.registry:registered 'plaintext' handler: <class 'passlib.handlers.misc.plaintext'>
DEBUG:passlib.registry:registered 'hex_md5' handler: <class 'passlib.handlers.digests.hex_md5'>
WARNING:werkzeug: * Debugger is active!
INFO:werkzeug: * Debugger PIN: 111-002-112
WARNING:werkzeug: * Running on all addresses.
   WARNING: This is a development server. Do not use it in a production deployment.
INFO:werkzeug: * Running on http://192.168.35.100:80/ (Press CTRL+C to quit)
INFO:root:20211107_23:31:05 / <Request 'http://localhost/Beacon/pointSelect' [POST]> / {'user_id': 'T@T.T', 'season_cd': 'A'} / BEFORE_REQUEST
INFO:root:20211107_23:32:19 / <Response 1584 bytes [200 OK]> / AFTER_REQUEST 
INFO:werkzeug:127.0.0.1 - - [07/Nov/2021 23:32:19] "POST /Beacon/pointSelect HTTP/1.1" 200 -
INFO:root:20211107_23:34:08 / <Request 'http://localhost/Beacon/pointSelect' [POST]> / {'user_id': 'T@T.T', 'season_cd': 'A'} / BEFORE_REQUEST
INFO:root:20211107_23:34:10 / <Response 1584 bytes [200 OK]> / AFTER_REQUEST 
INFO:werkzeug:127.0.0.1 - - [07/Nov/2021 23:34:10] "POST /Beacon/pointSelect HTTP/1.1" 200 -
INFO:root:20211107_23:35:49 / <Request 'http://localhost/Beacon/pointSelect' [POST]> / {'user_id': 'T@T.T', 'season_cd': 'A'} / BEFORE_REQUEST
INFO:root:20211107_23:35:51 / <Response 1584 bytes [200 OK]> / AFTER_REQUEST 
INFO:werkzeug:127.0.0.1 - - [07/Nov/2021 23:35:51] "POST /Beacon/pointSelect HTTP/1.1" 200 -
DEBUG:passlib.registry:registered 'bcrypt' handler: <class 'passlib.handlers.bcrypt.bcrypt'>
DEBUG:passlib.registry:registered 'des_crypt' handler: <class 'passlib.handlers.des_crypt.des_crypt'>
DEBUG:passlib.registry:registered 'pbkdf2_sha256' handler: <class 'passlib.handlers.pbkdf2.pbkdf2_sha256'>
DEBUG:passlib.registry:registered 'pbkdf2_sha512' handler: <class 'passlib.handlers.pbkdf2.pbkdf2_sha512'>
DEBUG:passlib.registry:registered 'sha256_crypt' handler: <class 'passlib.handlers.sha2_crypt.sha256_crypt'>
DEBUG:passlib.registry:registered 'sha512_crypt' handler: <class 'passlib.handlers.sha2_crypt.sha512_crypt'>
DEBUG:passlib.registry:registered 'plaintext' handler: <class 'passlib.handlers.misc.plaintext'>
DEBUG:passlib.registry:registered 'hex_md5' handler: <class 'passlib.handlers.digests.hex_md5'>
INFO:werkzeug: * Restarting with stat
DEBUG:passlib.registry:registered 'bcrypt' handler: <class 'passlib.handlers.bcrypt.bcrypt'>
DEBUG:passlib.registry:registered 'des_crypt' handler: <class 'passlib.handlers.des_crypt.des_crypt'>
DEBUG:passlib.registry:registered 'pbkdf2_sha256' handler: <class 'passlib.handlers.pbkdf2.pbkdf2_sha256'>
DEBUG:passlib.registry:registered 'pbkdf2_sha512' handler: <class 'passlib.handlers.pbkdf2.pbkdf2_sha512'>
DEBUG:passlib.registry:registered 'sha256_crypt' handler: <class 'passlib.handlers.sha2_crypt.sha256_crypt'>
DEBUG:passlib.registry:registered 'sha512_crypt' handler: <class 'passlib.handlers.sha2_crypt.sha512_crypt'>
DEBUG:passlib.registry:registered 'plaintext' handler: <class 'passlib.handlers.misc.plaintext'>
DEBUG:passlib.registry:registered 'hex_md5' handler: <class 'passlib.handlers.digests.hex_md5'>
WARNING:werkzeug: * Debugger is active!
INFO:werkzeug: * Debugger PIN: 111-002-112
WARNING:werkzeug: * Running on all addresses.
   WARNING: This is a development server. Do not use it in a production deployment.
INFO:werkzeug: * Running on http://192.168.35.100:80/ (Press CTRL+C to quit)
INFO:root:20211107_23:37:25 / 127.0.0.1 / /Beacon/pointSelect / {'user_id': 'T@T.T', 'season_cd': 'A'} / BEFORE_REQUEST
INFO:root:20211107_23:37:27 / <Response 1584 bytes [200 OK]> / AFTER_REQUEST 
INFO:werkzeug:127.0.0.1 - - [07/Nov/2021 23:37:27] "POST /Beacon/pointSelect HTTP/1.1" 200 -
INFO:werkzeug: * Detected change in 'C:\\Users\\nmh88\\Desktop\\PythonWorkspace\\FlaskApi\\log.py', reloading
DEBUG:passlib.registry:registered 'bcrypt' handler: <class 'passlib.handlers.bcrypt.bcrypt'>
DEBUG:passlib.registry:registered 'des_crypt' handler: <class 'passlib.handlers.des_crypt.des_crypt'>
DEBUG:passlib.registry:registered 'pbkdf2_sha256' handler: <class 'passlib.handlers.pbkdf2.pbkdf2_sha256'>
DEBUG:passlib.registry:registered 'pbkdf2_sha512' handler: <class 'passlib.handlers.pbkdf2.pbkdf2_sha512'>
DEBUG:passlib.registry:registered 'sha256_crypt' handler: <class 'passlib.handlers.sha2_crypt.sha256_crypt'>
DEBUG:passlib.registry:registered 'sha512_crypt' handler: <class 'passlib.handlers.sha2_crypt.sha512_crypt'>
DEBUG:passlib.registry:registered 'plaintext' handler: <class 'passlib.handlers.misc.plaintext'>
DEBUG:passlib.registry:registered 'hex_md5' handler: <class 'passlib.handlers.digests.hex_md5'>
INFO:werkzeug: * Restarting with stat
DEBUG:passlib.registry:registered 'bcrypt' handler: <class 'passlib.handlers.bcrypt.bcrypt'>
DEBUG:passlib.registry:registered 'des_crypt' handler: <class 'passlib.handlers.des_crypt.des_crypt'>
DEBUG:passlib.registry:registered 'pbkdf2_sha256' handler: <class 'passlib.handlers.pbkdf2.pbkdf2_sha256'>
DEBUG:passlib.registry:registered 'pbkdf2_sha512' handler: <class 'passlib.handlers.pbkdf2.pbkdf2_sha512'>
DEBUG:passlib.registry:registered 'sha256_crypt' handler: <class 'passlib.handlers.sha2_crypt.sha256_crypt'>
DEBUG:passlib.registry:registered 'sha512_crypt' handler: <class 'passlib.handlers.sha2_crypt.sha512_crypt'>
DEBUG:passlib.registry:registered 'plaintext' handler: <class 'passlib.handlers.misc.plaintext'>
DEBUG:passlib.registry:registered 'hex_md5' handler: <class 'passlib.handlers.digests.hex_md5'>
WARNING:werkzeug: * Debugger is active!
INFO:werkzeug: * Debugger PIN: 111-002-112
WARNING:werkzeug: * Running on all addresses.
   WARNING: This is a development server. Do not use it in a production deployment.
INFO:werkzeug: * Running on http://192.168.35.100:80/ (Press CTRL+C to quit)
INFO:root:20211107_23:38:32 / BEFORE_REQUEST / 127.0.0.1 / /Beacon/pointSelect / {'user_id': 'T@T.T', 'season_cd': 'A'}
INFO:root:20211107_23:38:34 / AFTER_REQUEST / <Response 1584 bytes [200 OK]> 
INFO:werkzeug:127.0.0.1 - - [07/Nov/2021 23:38:34] "POST /Beacon/pointSelect HTTP/1.1" 200 -
INFO:root:20211107_23:39:05 / BEFORE_REQUEST / 127.0.0.1 / /Beacon/pointSeasonRank / {'season_cd': 'X'}
INFO:werkzeug:127.0.0.1 - - [07/Nov/2021 23:39:06] "[35m[1mPOST /Beacon/pointSeasonRank HTTP/1.1[0m" 500 -
INFO:werkzeug: * Detected change in 'C:\\Users\\nmh88\\Desktop\\PythonWorkspace\\FlaskApi\\Beacon.py', reloading
DEBUG:passlib.registry:registered 'bcrypt' handler: <class 'passlib.handlers.bcrypt.bcrypt'>
DEBUG:passlib.registry:registered 'des_crypt' handler: <class 'passlib.handlers.des_crypt.des_crypt'>
DEBUG:passlib.registry:registered 'pbkdf2_sha256' handler: <class 'passlib.handlers.pbkdf2.pbkdf2_sha256'>
DEBUG:passlib.registry:registered 'pbkdf2_sha512' handler: <class 'passlib.handlers.pbkdf2.pbkdf2_sha512'>
DEBUG:passlib.registry:registered 'sha256_crypt' handler: <class 'passlib.handlers.sha2_crypt.sha256_crypt'>
DEBUG:passlib.registry:registered 'sha512_crypt' handler: <class 'passlib.handlers.sha2_crypt.sha512_crypt'>
DEBUG:passlib.registry:registered 'plaintext' handler: <class 'passlib.handlers.misc.plaintext'>
DEBUG:passlib.registry:registered 'hex_md5' handler: <class 'passlib.handlers.digests.hex_md5'>
INFO:werkzeug: * Restarting with stat
DEBUG:passlib.registry:registered 'bcrypt' handler: <class 'passlib.handlers.bcrypt.bcrypt'>
DEBUG:passlib.registry:registered 'des_crypt' handler: <class 'passlib.handlers.des_crypt.des_crypt'>
DEBUG:passlib.registry:registered 'pbkdf2_sha256' handler: <class 'passlib.handlers.pbkdf2.pbkdf2_sha256'>
DEBUG:passlib.registry:registered 'pbkdf2_sha512' handler: <class 'passlib.handlers.pbkdf2.pbkdf2_sha512'>
DEBUG:passlib.registry:registered 'sha256_crypt' handler: <class 'passlib.handlers.sha2_crypt.sha256_crypt'>
DEBUG:passlib.registry:registered 'sha512_crypt' handler: <class 'passlib.handlers.sha2_crypt.sha512_crypt'>
DEBUG:passlib.registry:registered 'plaintext' handler: <class 'passlib.handlers.misc.plaintext'>
DEBUG:passlib.registry:registered 'hex_md5' handler: <class 'passlib.handlers.digests.hex_md5'>
WARNING:werkzeug: * Debugger is active!
INFO:werkzeug: * Debugger PIN: 111-002-112
WARNING:werkzeug: * Running on all addresses.
   WARNING: This is a development server. Do not use it in a production deployment.
INFO:werkzeug: * Running on http://192.168.35.100:80/ (Press CTRL+C to quit)
INFO:root:20211107_23:39:58 / BEFORE_REQUEST / 127.0.0.1 / /Beacon/pointSeasonRank / {'season_cd': 'X'}
INFO:root:20211107_23:40:00 / AFTER_REQUEST / <Response 19493 bytes [200 OK]> 
INFO:werkzeug:127.0.0.1 - - [07/Nov/2021 23:40:00] "POST /Beacon/pointSeasonRank HTTP/1.1" 200 -
DEBUG:passlib.registry:registered 'bcrypt' handler: <class 'passlib.handlers.bcrypt.bcrypt'>
DEBUG:passlib.registry:registered 'des_crypt' handler: <class 'passlib.handlers.des_crypt.des_crypt'>
DEBUG:passlib.registry:registered 'pbkdf2_sha256' handler: <class 'passlib.handlers.pbkdf2.pbkdf2_sha256'>
DEBUG:passlib.registry:registered 'pbkdf2_sha512' handler: <class 'passlib.handlers.pbkdf2.pbkdf2_sha512'>
DEBUG:passlib.registry:registered 'sha256_crypt' handler: <class 'passlib.handlers.sha2_crypt.sha256_crypt'>
DEBUG:passlib.registry:registered 'sha512_crypt' handler: <class 'passlib.handlers.sha2_crypt.sha512_crypt'>
DEBUG:passlib.registry:registered 'plaintext' handler: <class 'passlib.handlers.misc.plaintext'>
DEBUG:passlib.registry:registered 'hex_md5' handler: <class 'passlib.handlers.digests.hex_md5'>
INFO:werkzeug: * Restarting with stat
DEBUG:passlib.registry:registered 'bcrypt' handler: <class 'passlib.handlers.bcrypt.bcrypt'>
DEBUG:passlib.registry:registered 'des_crypt' handler: <class 'passlib.handlers.des_crypt.des_crypt'>
DEBUG:passlib.registry:registered 'pbkdf2_sha256' handler: <class 'passlib.handlers.pbkdf2.pbkdf2_sha256'>
DEBUG:passlib.registry:registered 'pbkdf2_sha512' handler: <class 'passlib.handlers.pbkdf2.pbkdf2_sha512'>
DEBUG:passlib.registry:registered 'sha256_crypt' handler: <class 'passlib.handlers.sha2_crypt.sha256_crypt'>
DEBUG:passlib.registry:registered 'sha512_crypt' handler: <class 'passlib.handlers.sha2_crypt.sha512_crypt'>
DEBUG:passlib.registry:registered 'plaintext' handler: <class 'passlib.handlers.misc.plaintext'>
DEBUG:passlib.registry:registered 'hex_md5' handler: <class 'passlib.handlers.digests.hex_md5'>
WARNING:werkzeug: * Debugger is active!
INFO:werkzeug: * Debugger PIN: 111-002-112
WARNING:werkzeug: * Running on all addresses.
   WARNING: This is a development server. Do not use it in a production deployment.
INFO:werkzeug: * Running on http://192.168.35.100:80/ (Press CTRL+C to quit)
INFO:werkzeug: * Detected change in 'C:\\Users\\nmh88\\Desktop\\PythonWorkspace\\FlaskApi\\app.py', reloading
INFO:root:20211108_01:17:44 / BEFORE_REQUEST / 127.0.0.1 / /Beacon/pointSelect / {'user_id': 'T@T.T', 'season_cd': 'A'}
DEBUG:passlib.registry:registered 'bcrypt' handler: <class 'passlib.handlers.bcrypt.bcrypt'>
DEBUG:passlib.registry:registered 'des_crypt' handler: <class 'passlib.handlers.des_crypt.des_crypt'>
DEBUG:passlib.registry:registered 'pbkdf2_sha256' handler: <class 'passlib.handlers.pbkdf2.pbkdf2_sha256'>
DEBUG:passlib.registry:registered 'pbkdf2_sha512' handler: <class 'passlib.handlers.pbkdf2.pbkdf2_sha512'>
DEBUG:passlib.registry:registered 'sha256_crypt' handler: <class 'passlib.handlers.sha2_crypt.sha256_crypt'>
DEBUG:passlib.registry:registered 'sha512_crypt' handler: <class 'passlib.handlers.sha2_crypt.sha512_crypt'>
DEBUG:passlib.registry:registered 'plaintext' handler: <class 'passlib.handlers.misc.plaintext'>
DEBUG:passlib.registry:registered 'hex_md5' handler: <class 'passlib.handlers.digests.hex_md5'>
INFO:werkzeug: * Restarting with stat
DEBUG:passlib.registry:registered 'bcrypt' handler: <class 'passlib.handlers.bcrypt.bcrypt'>
DEBUG:passlib.registry:registered 'des_crypt' handler: <class 'passlib.handlers.des_crypt.des_crypt'>
DEBUG:passlib.registry:registered 'pbkdf2_sha256' handler: <class 'passlib.handlers.pbkdf2.pbkdf2_sha256'>
DEBUG:passlib.registry:registered 'pbkdf2_sha512' handler: <class 'passlib.handlers.pbkdf2.pbkdf2_sha512'>
DEBUG:passlib.registry:registered 'sha256_crypt' handler: <class 'passlib.handlers.sha2_crypt.sha256_crypt'>
DEBUG:passlib.registry:registered 'sha512_crypt' handler: <class 'passlib.handlers.sha2_crypt.sha512_crypt'>
DEBUG:passlib.registry:registered 'plaintext' handler: <class 'passlib.handlers.misc.plaintext'>
DEBUG:passlib.registry:registered 'hex_md5' handler: <class 'passlib.handlers.digests.hex_md5'>
WARNING:werkzeug: * Debugger is active!
INFO:werkzeug: * Debugger PIN: 111-002-112
WARNING:werkzeug: * Running on all addresses.
   WARNING: This is a development server. Do not use it in a production deployment.
INFO:werkzeug: * Running on http://192.168.35.100:80/ (Press CTRL+C to quit)
INFO:root:20211108_01:18:02 / BEFORE_REQUEST / 127.0.0.1 / /Beacon/pointSelect / {'user_id': 'T@T.T', 'season_cd': 'A'}
INFO:root:20211108_01:18:04 / AFTER_REQUEST / <Response 1584 bytes [200 OK]> 
INFO:werkzeug:127.0.0.1 - - [08/Nov/2021 01:18:04] "POST /Beacon/pointSelect HTTP/1.1" 200 -
